<?xml version="1.0" encoding="UTF-8"?>
<!-- Generated by org.testng.reporters.JUnitReportReporter -->
<testsuite hostname="apd" failures="0" tests="1" name="com.testcases.OpenPage" time="4.276" errors="0" timestamp="2025-05-21T00:44:39 IST" skipped="0">
  <testcase classname="com.testcases.OpenPage" name="openURL" time="4.276"/>
</testsuite> <!-- com.testcases.OpenPage -->
