<?xml version="1.0" encoding="UTF-8"?>
<!-- Generated by org.testng.reporters.JUnitReportReporter -->
<testsuite hostname="apd" failures="0" tests="1" name="test.java.tests.HomePageTest" time="4.751" errors="0" timestamp="2025-06-05T00:40:37 IST" skipped="0">
  <testcase classname="test.java.tests.HomePageTest" name="homePageTest" time="4.751"/>
</testsuite> <!-- test.java.tests.HomePageTest -->
